<?xml version="1.0" encoding="UTF-8"?>
<!-- Generated by org.testng.reporters.JUnitReportReporter -->
<testsuite hostname="LAPTOP-N9RRNCS7" failures="0" tests="5" name="com.qa.opencart.tests.AccountPageTest" time="0.305" errors="0" timestamp="12 Feb 2022 15:19:09 GMT" skipped="0">
  <testcase classname="com.qa.opencart.tests.AccountPageTest" name="accPageUrlTest" time="0.013"/>
  <testcase classname="com.qa.opencart.tests.AccountPageTest" name="logoutLinkTest" time="0.044"/>
  <testcase classname="com.qa.opencart.tests.AccountPageTest" name="accPageSectionsTest" time="0.192"/>
  <testcase classname="com.qa.opencart.tests.AccountPageTest" name="accPageTitleTest" time="0.013"/>
  <testcase classname="com.qa.opencart.tests.AccountPageTest" name="accPageHeaderTest" time="0.043"/>
</testsuite> <!-- com.qa.opencart.tests.AccountPageTest -->
