<?xml version="1.0" encoding="UTF-8"?>
<!-- Generated by org.testng.reporters.JUnitReportReporter -->
<testsuite hostname="LAPTOP-N9RRNCS7" failures="0" tests="1" name="com.qa.opencart.tests.RegisterPageTest" time="4.969" errors="0" timestamp="17 Feb 2022 00:48:09 GMT" skipped="0">
  <testcase classname="com.qa.opencart.tests.RegisterPageTest" name="userRegistrationTest" time="4.969"/>
</testsuite> <!-- com.qa.opencart.tests.RegisterPageTest -->
